
Showing logs for build [32mcb-kubecd-environment-pr-242-1-tgnvx-1[0m stage [32mfrom-build-pack[0m and container [32mstep-credential-initializer-4ck5n[0m
{"level":"info","ts":1592966833.3853233,"logger":"fallback-logger","caller":"logging/config.go:69","msg":"Fetch GitHub commit ID from kodata failed: open /var/run/ko/refs/heads/0.8.0-ns-support: no such file or directory"}
{"level":"info","ts":1592966833.386365,"logger":"fallback-logger","caller":"creds-init/main.go:40","msg":"Credentials initialized."}

Showing logs for build [32mcb-kubecd-environment-pr-242-1-tgnvx-1[0m stage [32mfrom-build-pack[0m and container [32mstep-working-dir-initializer-ddz2l[0m
{"level":"info","ts":1592966834.6228366,"logger":"fallback-logger","caller":"logging/config.go:69","msg":"Fetch GitHub commit ID from kodata failed: open /var/run/ko/HEAD: no such file or directory"}
{"level":"info","ts":1592966834.6246293,"logger":"fallback-logger","caller":"bash/main.go:64","msg":"Successfully executed command \"sh -c mkdir -p /workspace/source\"; output "}

Showing logs for build [32mcb-kubecd-environment-pr-242-1-tgnvx-1[0m stage [32mfrom-build-pack[0m and container [32mstep-place-tools[0m

Showing logs for build [32mcb-kubecd-environment-pr-242-1-tgnvx-1[0m stage [32mfrom-build-pack[0m and container [32mstep-git-source-cb-kubecd-environment-pr-242-1-tgnvx-g58v8[0m
{"level":"info","ts":1592966837.8282914,"logger":"fallback-logger","caller":"logging/config.go:69","msg":"Fetch GitHub commit ID from kodata failed: open /var/run/ko/refs/heads/0.8.0-ns-support: no such file or directory"}
{"level":"info","ts":1592966838.9008589,"logger":"fallback-logger","caller":"git/git.go:103","msg":"Successfully cloned https://github.com/cb-kubecd/environment-pr-242-1-boot-gke-staging.git @ master in path /workspace/source"}

Showing logs for build [32mcb-kubecd-environment-pr-242-1-tgnvx-1[0m stage [32mfrom-build-pack[0m and container [32mstep-git-merge[0m
Using SHAs from PULL_REFS=master:fd93d8a51de37dabb209c39f24af630e55fef634,2:46249b32596617e0c05e57282fe703ea830e8ab8
DEBUG: JX_LOG_LEVEL=error LC_ALL=C git fetch origin --unshallow 46249b32596617e0c05e57282fe703ea830e8ab8: fd93d8a51de37dabb209c39f24af630e55fef634:
DEBUG: ran git fetch --unshallow origin 46249b32596617e0c05e57282fe703ea830e8ab8: fd93d8a51de37dabb209c39f24af630e55fef634: in 
DEBUG: LC_ALL=C JX_LOG_LEVEL=error git branch
DEBUG: LC_ALL=C JX_LOG_LEVEL=error git checkout master
DEBUG: ran git checkout master in 
DEBUG: LC_ALL=C JX_LOG_LEVEL=error git reset --hard fd93d8a51de37dabb209c39f24af630e55fef634
DEBUG: ran git reset --hard fd93d8a51de37dabb209c39f24af630e55fef634 in 
DEBUG: LC_ALL=C JX_LOG_LEVEL=error git clean -fd .
DEBUG: ran clean --force -d . in 
DEBUG: LC_ALL=C JX_LOG_LEVEL=error git merge 46249b32596617e0c05e57282fe703ea830e8ab8
DEBUG: ran git merge 46249b32596617e0c05e57282fe703ea830e8ab8 in 
DEBUG: LC_ALL=C JX_LOG_LEVEL=error git log --format=%H%x1f%an%x1f%ae%x1f%cn%x1f%ce%x1f%s%n%b%x1e fd93d8a51de37dabb209c39f24af630e55fef634..HEAD
Merged SHA 46249b32596617e0c05e57282fe703ea830e8ab8 with commit message 'chore: Promote bdd-nh-1592966521 to version 0.0.1' into base branch master

Showing logs for build [32mcb-kubecd-environment-pr-242-1-tgnvx-1[0m stage [32mfrom-build-pack[0m and container [32mstep-build-helm-build[0m
WARNING: No $CHART_REPOSITORY defined so using the default value of: http://jenkins-x-chartmuseum:8080
Adding missing Helm repo: storage.googleapis.com https://storage.googleapis.com/chartmuseum.jenkins-x.io
WARNING: No secrets found on "helm/repos" due: reading the secret "helm/repos" from vault: no secret "helm/repos" not found in vault
Read credentials for https://storage.googleapis.com/chartmuseum.jenkins-x.io from vault helm/repos
Successfully added Helm repository storage.googleapis.com.
Adding missing Helm repo: jenkins-x-chartmuseum http://jenkins-x-chartmuseum:8080
WARNING: No secrets found on "helm/repos" due: reading the secret "helm/repos" from vault: no secret "helm/repos" not found in vault
Read credentials for http://jenkins-x-chartmuseum:8080 from vault helm/repos
Successfully added Helm repository jenkins-x-chartmuseum.
WARNING: No $CHART_REPOSITORY defined so using the default value of: http://jenkins-x-chartmuseum:8080
Adding missing Helm repo: chartmuseum.jenkins-x.io http://chartmuseum.jenkins-x.io
WARNING: No secrets found on "helm/repos" due: reading the secret "helm/repos" from vault: no secret "helm/repos" not found in vault
Read credentials for http://chartmuseum.jenkins-x.io from vault helm/repos
Successfully added Helm repository chartmuseum.jenkins-x.io.
