
Showing logs for build [32mcb-kubecd-environment-pr-242-1-5x7q9-1[0m stage [32mfrom-build-pack[0m and container [32mstep-credential-initializer-kwwgn[0m
{"level":"info","ts":1592967565.8977242,"logger":"fallback-logger","caller":"logging/config.go:69","msg":"Fetch GitHub commit ID from kodata failed: open /var/run/ko/refs/heads/0.8.0-ns-support: no such file or directory"}
{"level":"info","ts":1592967565.8988404,"logger":"fallback-logger","caller":"creds-init/main.go:40","msg":"Credentials initialized."}

Showing logs for build [32mcb-kubecd-environment-pr-242-1-5x7q9-1[0m stage [32mfrom-build-pack[0m and container [32mstep-working-dir-initializer-hpkgn[0m
{"level":"info","ts":1592967567.1972363,"logger":"fallback-logger","caller":"logging/config.go:69","msg":"Fetch GitHub commit ID from kodata failed: open /var/run/ko/HEAD: no such file or directory"}
{"level":"info","ts":1592967567.1988525,"logger":"fallback-logger","caller":"bash/main.go:64","msg":"Successfully executed command \"sh -c mkdir -p /workspace/source\"; output "}

Showing logs for build [32mcb-kubecd-environment-pr-242-1-5x7q9-1[0m stage [32mfrom-build-pack[0m and container [32mstep-place-tools[0m

Showing logs for build [32mcb-kubecd-environment-pr-242-1-5x7q9-1[0m stage [32mfrom-build-pack[0m and container [32mstep-git-source-cb-kubecd-environment-pr-242-1-5x7q9-4pxnd[0m
{"level":"info","ts":1592967572.411026,"logger":"fallback-logger","caller":"logging/config.go:69","msg":"Fetch GitHub commit ID from kodata failed: open /var/run/ko/refs/heads/0.8.0-ns-support: no such file or directory"}
{"level":"info","ts":1592967573.6611753,"logger":"fallback-logger","caller":"git/git.go:103","msg":"Successfully cloned https://github.com/cb-kubecd/environment-pr-242-1-boot-gke-staging.git @ master in path /workspace/source"}

Showing logs for build [32mcb-kubecd-environment-pr-242-1-5x7q9-1[0m stage [32mfrom-build-pack[0m and container [32mstep-git-merge[0m
Using SHAs from PULL_REFS=master:171ddad80b1a0017cdab2b239ed1378029d0110d,3:68aeaf5872e72d379c4786e9469d0546df76501d
DEBUG: LC_ALL=C JX_LOG_LEVEL=error git fetch origin --unshallow 68aeaf5872e72d379c4786e9469d0546df76501d: 171ddad80b1a0017cdab2b239ed1378029d0110d:
DEBUG: ran git fetch --unshallow origin 68aeaf5872e72d379c4786e9469d0546df76501d: 171ddad80b1a0017cdab2b239ed1378029d0110d: in 
DEBUG: LC_ALL=C JX_LOG_LEVEL=error git branch
DEBUG: JX_LOG_LEVEL=error LC_ALL=C git checkout master
DEBUG: ran git checkout master in 
DEBUG: JX_LOG_LEVEL=error LC_ALL=C git reset --hard 171ddad80b1a0017cdab2b239ed1378029d0110d
DEBUG: ran git reset --hard 171ddad80b1a0017cdab2b239ed1378029d0110d in 
DEBUG: LC_ALL=C JX_LOG_LEVEL=error git clean -fd .
DEBUG: ran clean --force -d . in 
DEBUG: LC_ALL=C JX_LOG_LEVEL=error git merge 68aeaf5872e72d379c4786e9469d0546df76501d
DEBUG: ran git merge 68aeaf5872e72d379c4786e9469d0546df76501d in 
DEBUG: LC_ALL=C JX_LOG_LEVEL=error git log --format=%H%x1f%an%x1f%ae%x1f%cn%x1f%ce%x1f%s%n%b%x1e 171ddad80b1a0017cdab2b239ed1378029d0110d..HEAD
Merged SHA 68aeaf5872e72d379c4786e9469d0546df76501d with commit message 'chore: Promote bdd-sbhg-1592966521 to version 0.0.1' into base branch master

Showing logs for build [32mcb-kubecd-environment-pr-242-1-5x7q9-1[0m stage [32mfrom-build-pack[0m and container [32mstep-build-helm-build[0m
WARNING: No $CHART_REPOSITORY defined so using the default value of: http://jenkins-x-chartmuseum:8080
Adding missing Helm repo: storage.googleapis.com https://storage.googleapis.com/chartmuseum.jenkins-x.io
WARNING: No secrets found on "helm/repos" due: reading the secret "helm/repos" from vault: no secret "helm/repos" not found in vault
Read credentials for https://storage.googleapis.com/chartmuseum.jenkins-x.io from vault helm/repos
Successfully added Helm repository storage.googleapis.com.
Adding missing Helm repo: jenkins-x-chartmuseum http://jenkins-x-chartmuseum:8080
WARNING: No secrets found on "helm/repos" due: reading the secret "helm/repos" from vault: no secret "helm/repos" not found in vault
Read credentials for http://jenkins-x-chartmuseum:8080 from vault helm/repos
Successfully added Helm repository jenkins-x-chartmuseum.
WARNING: No $CHART_REPOSITORY defined so using the default value of: http://jenkins-x-chartmuseum:8080
Adding missing Helm repo: chartmuseum.jenkins-x.io http://chartmuseum.jenkins-x.io
WARNING: No secrets found on "helm/repos" due: reading the secret "helm/repos" from vault: no secret "helm/repos" not found in vault
Read credentials for http://chartmuseum.jenkins-x.io from vault helm/repos
Successfully added Helm repository chartmuseum.jenkins-x.io.
