
Showing logs for build [32mcb-kubecd-environment-pr-242-1-26ksh-1[0m stage [32mfrom-build-pack[0m and container [32mstep-credential-initializer-l57t5[0m
{"level":"info","ts":1592970340.2847128,"logger":"fallback-logger","caller":"logging/config.go:69","msg":"Fetch GitHub commit ID from kodata failed: open /var/run/ko/refs/heads/0.8.0-ns-support: no such file or directory"}
{"level":"info","ts":1592970340.2856371,"logger":"fallback-logger","caller":"creds-init/main.go:40","msg":"Credentials initialized."}

Showing logs for build [32mcb-kubecd-environment-pr-242-1-26ksh-1[0m stage [32mfrom-build-pack[0m and container [32mstep-working-dir-initializer-tpmsb[0m
{"level":"info","ts":1592970340.9184117,"logger":"fallback-logger","caller":"logging/config.go:69","msg":"Fetch GitHub commit ID from kodata failed: open /var/run/ko/HEAD: no such file or directory"}
{"level":"info","ts":1592970340.9212997,"logger":"fallback-logger","caller":"bash/main.go:64","msg":"Successfully executed command \"sh -c mkdir -p /workspace/source\"; output "}

Showing logs for build [32mcb-kubecd-environment-pr-242-1-26ksh-1[0m stage [32mfrom-build-pack[0m and container [32mstep-place-tools[0m

Showing logs for build [32mcb-kubecd-environment-pr-242-1-26ksh-1[0m stage [32mfrom-build-pack[0m and container [32mstep-git-source-cb-kubecd-environment-pr-242-1-26ksh-pxwhb[0m
{"level":"info","ts":1592970345.108816,"logger":"fallback-logger","caller":"logging/config.go:69","msg":"Fetch GitHub commit ID from kodata failed: open /var/run/ko/refs/heads/0.8.0-ns-support: no such file or directory"}
{"level":"info","ts":1592970346.1502771,"logger":"fallback-logger","caller":"git/git.go:103","msg":"Successfully cloned https://github.com/cb-kubecd/environment-pr-242-1-boot-gke-staging.git @ master in path /workspace/source"}

Showing logs for build [32mcb-kubecd-environment-pr-242-1-26ksh-1[0m stage [32mfrom-build-pack[0m and container [32mstep-git-merge[0m
Using SHAs from PULL_REFS=master:2ffc6b491e315dfa05ee9b28bcf41e0df9044413,7:0945e2387f1c054fcc65a4eabe1d8f7b3e30f241
DEBUG: JX_LOG_LEVEL=error LC_ALL=C git fetch origin --unshallow 0945e2387f1c054fcc65a4eabe1d8f7b3e30f241: 2ffc6b491e315dfa05ee9b28bcf41e0df9044413:
DEBUG: ran git fetch --unshallow origin 0945e2387f1c054fcc65a4eabe1d8f7b3e30f241: 2ffc6b491e315dfa05ee9b28bcf41e0df9044413: in 
DEBUG: LC_ALL=C JX_LOG_LEVEL=error git branch
DEBUG: LC_ALL=C JX_LOG_LEVEL=error git checkout master
DEBUG: ran git checkout master in 
DEBUG: LC_ALL=C JX_LOG_LEVEL=error git reset --hard 2ffc6b491e315dfa05ee9b28bcf41e0df9044413
DEBUG: ran git reset --hard 2ffc6b491e315dfa05ee9b28bcf41e0df9044413 in 
DEBUG: JX_LOG_LEVEL=error LC_ALL=C git clean -fd .
DEBUG: ran clean --force -d . in 
DEBUG: LC_ALL=C JX_LOG_LEVEL=error git merge 0945e2387f1c054fcc65a4eabe1d8f7b3e30f241
DEBUG: ran git merge 0945e2387f1c054fcc65a4eabe1d8f7b3e30f241 in 
DEBUG: LC_ALL=C JX_LOG_LEVEL=error git log --format=%H%x1f%an%x1f%ae%x1f%cn%x1f%ce%x1f%s%n%b%x1e 2ffc6b491e315dfa05ee9b28bcf41e0df9044413..HEAD
Merged SHA 0945e2387f1c054fcc65a4eabe1d8f7b3e30f241 with commit message 'chore: Promote bdd-sbhg-import-1592969015 to version 0.0.1' into base branch master

Showing logs for build [32mcb-kubecd-environment-pr-242-1-26ksh-1[0m stage [32mfrom-build-pack[0m and container [32mstep-build-helm-build[0m
WARNING: No $CHART_REPOSITORY defined so using the default value of: http://jenkins-x-chartmuseum:8080
Adding missing Helm repo: storage.googleapis.com https://storage.googleapis.com/chartmuseum.jenkins-x.io
WARNING: No secrets found on "helm/repos" due: reading the secret "helm/repos" from vault: no secret "helm/repos" not found in vault
Read credentials for https://storage.googleapis.com/chartmuseum.jenkins-x.io from vault helm/repos
Successfully added Helm repository storage.googleapis.com.
Adding missing Helm repo: jenkins-x-chartmuseum http://jenkins-x-chartmuseum:8080
WARNING: No secrets found on "helm/repos" due: reading the secret "helm/repos" from vault: no secret "helm/repos" not found in vault
Read credentials for http://jenkins-x-chartmuseum:8080 from vault helm/repos
Successfully added Helm repository jenkins-x-chartmuseum.
WARNING: No $CHART_REPOSITORY defined so using the default value of: http://jenkins-x-chartmuseum:8080
Adding missing Helm repo: chartmuseum.jenkins-x.io http://chartmuseum.jenkins-x.io
WARNING: No secrets found on "helm/repos" due: reading the secret "helm/repos" from vault: no secret "helm/repos" not found in vault
Read credentials for http://chartmuseum.jenkins-x.io from vault helm/repos
Successfully added Helm repository chartmuseum.jenkins-x.io.
